<?xml version="1.0" encoding="UTF-8"?>
<!-- Generated by org.testng.reporters.JUnitReportReporter -->
<testsuite skipped="0" hostname="DESKTOP-MKFM6AQ" name="com.datadriven.HalfEbayTest" tests="1" failures="0" timestamp="2020-09-22T15:06:29 IST" time="10.697" errors="0">
  <testcase name="getTitle" time="10.697" classname="com.datadriven.HalfEbayTest"/>
  <system-out/>
</testsuite> <!-- com.datadriven.HalfEbayTest -->
